<?xml version="1.0" encoding="UTF-8"?>
<!-- Generated by org.testng.reporters.JUnitXMLReporter -->
<testsuite ignored="0" hostname="DESKTOP-KGND6QA" failures="0" tests="5" name="Test" time="33.666" errors="0" timestamp="2023-04-18T23:38:49 IST">
  <testcase classname="tests.FourTest" name="testfour" time="0.012"/>
  <testcase classname="tests.TwoTest" name="testtwo" time="0.003"/>
  <testcase classname="tests.LoginTest" name="login" time="3.789"/>
  <testcase classname="tests.LoginTest" name="login" time="18.335"/>
  <testcase classname="tests.ThreeTest" name="testthree" time="0.001"/>
</testsuite> <!-- Test -->
